<?xml version="1.0" encoding="UTF-8"?>
<!-- Generated by org.testng.reporters.JUnitReportReporter -->
<testsuite skipped="0" hostname="Abhi-Laptop" name="com.restAssure.TEST_GET_02" tests="1" failures="0" timestamp="2019-12-03T15:33:51 MST" time="3.229" errors="0">
  <testcase name="getweatherDetails" time="3.229" classname="com.restAssure.TEST_GET_02"/>
</testsuite> <!-- com.restAssure.TEST_GET_02 -->
