<?xml version="1.0" encoding="UTF-8"?>
<!-- Generated by org.testng.reporters.JUnitReportReporter -->
<testsuite skipped="0" hostname="Swapna-Laptop" name="com.restAssure.TC03_GET_Request" tests="1" failures="0" timestamp="2020-03-31T14:18:58 MDT" time="6.785" errors="0">
  <testcase name="Getheaders" time="6.785" classname="com.restAssure.TC03_GET_Request"/>
</testsuite> <!-- com.restAssure.TC03_GET_Request -->
